<?xml version="1.0" encoding="UTF-8"?>
<!-- Generated by org.testng.reporters.JUnitReportReporter -->
<testsuite hostname="DESKTOP-L0CE2LE" failures="0" tests="4" name="demooo.Practice" time="0.020" errors="0" timestamp="2023-02-09T19:13:00 IST" skipped="0">
  <testcase classname="demooo.Practice" name="demoTest1" time="0.011"/>
  <system-out/>
  <testcase classname="demooo.Practice" name="demoTest3" time="0.002"/>
  <system-out/>
  <testcase classname="demooo.Practice" name="demoTest2" time="0.003"/>
  <system-out/>
  <testcase classname="demooo.Practice" name="demoTest4" time="0.004"/>
  <system-out/>
</testsuite> <!-- demooo.Practice -->
