<?xml version="1.0" encoding="UTF-8"?>
<!-- Generated by org.testng.reporters.JUnitReportReporter -->
<testsuite hostname="DESKTOP-L0CE2LE" failures="0" tests="1" name="demooo.Depo" time="0.015" errors="0" timestamp="2023-02-09T19:17:27 IST" skipped="0">
  <testcase classname="demooo.Depo" name="depoTest" time="0.015"/>
  <system-out/>
</testsuite> <!-- demooo.Depo -->
